[1746021007.960][INFO]: Starting ChromeDriver 131.0.6778.204 (52183f9e99a61056f9b78535f53d256f1516f2a0-refs/branch-heads/6778_155@{#7}) on port 57231
[1746021007.960][INFO]: Please see https://chromedriver.chromium.org/security-considerations for suggestions on keeping ChromeDriver safe.
[1746021007.964][INFO]: ChromeDriver was started successfully on port 57231
[1746021007.969][INFO]: [4a031f8b4ad433459081fc7da7009880] COMMAND InitSession {
   "capabilities": {
      "alwaysMatch": {
         "browserName": "chrome",
         "goog:chromeOptions": {
            "args": [ "--headless", "--no-sandbox", "--disable-dev-shm-usage", "--disable-gpu", "--disable-web-security", "--ignore-certificate-errors", "--allow-running-insecure-content", "--proxy-bypass-list=*", "--disable-setuid-sandbox", "--disable-webgl", "--disable-popup-blocking", "--disable-gpu-program-cache", "--disable-gpu-shader-disk-cache", "--dns-prefetch-disable", "--disable-browser-side-navigation", "--disable-site-isolation-trials", "--lang=zh-CN,zh,zh-TW,en-US,en", "--user-agent=Mozilla/5.0 (Windows NT 10.0; Win64; x64) AppleWebKit/537.36 (KHTML, like Gecko) Chrome/120.0.0.0 Safari/537.36", "--disable-features=site-per-process", "--disable-features=IsolateOrigins", "--disable-features=BlockInsecurePrivateNetworkRequests", "--disable-features=AudioServiceOutOfProcess", "--disable-dev-tools", "--disable-logging", "--disable-breakpad", "--disable-print-preview", "--disable-prompt-on-repost" ],
            "excludeSwitches": [ "enable-automation" ],
            "extensions": [  ],
            "useAutomationExtension": false
         },
         "pageLoadStrategy": "eager"
      },
      "firstMatch": [ {
      } ]
   }
}
[1746021007.969][WARNING]: Deprecated chrome option is ignored: useAutomationExtension
[1746021007.969][WARNING]: Deprecated chrome option is ignored: useAutomationExtension
[1746021007.969][INFO]: Browser search. Trying... /usr/local/bin/chrome
[1746021007.969][INFO]: Browser search. Trying... /usr/local/bin/chrome
[1746021007.969][INFO]: Browser search. Trying... /usr/local/bin/google-chrome
[1746021007.970][INFO]: Browser search. Trying... /usr/local/bin/chromium
[1746021007.970][INFO]: Browser search. Trying... /usr/local/bin/chromium-browser
[1746021007.970][INFO]: Browser search. Trying... /usr/local/sbin/chrome
[1746021007.970][INFO]: Browser search. Trying... /usr/local/bin/chrome
[1746021007.970][INFO]: Browser search. Trying... /usr/sbin/chrome
[1746021007.970][INFO]: Browser search. Trying... /usr/bin/chrome
[1746021007.970][INFO]: Browser search. Trying... /sbin/chrome
[1746021007.970][INFO]: Browser search. Trying... /bin/chrome
[1746021007.970][INFO]: Browser search. Trying... /opt/google/chrome/chrome
[1746021007.970][INFO]: Browser search. Found at  /opt/google/chrome/chrome
[1746021007.970][INFO]: Populating Preferences file: {
   "alternate_error_pages": {
      "enabled": false
   },
   "autofill": {
      "enabled": false
   },
   "browser": {
      "check_default_browser": false
   },
   "distribution": {
      "import_bookmarks": false,
      "import_history": false,
      "import_search_engine": false,
      "make_chrome_default_for_user": false,
      "skip_first_run_ui": true
   },
   "dns_prefetching": {
      "enabled": false
   },
   "profile": {
      "content_settings": {
         "pattern_pairs": {
            "https://*,*": {
               "media-stream": {
                  "audio": "Default",
                  "video": "Default"
               }
            }
         }
      },
      "default_content_setting_values": {
         "geolocation": 1
      },
      "default_content_settings": {
         "geolocation": 1,
         "mouselock": 1,
         "notifications": 1,
         "popups": 1,
         "ppapi-broker": 1
      },
      "password_manager_enabled": false
   },
   "safebrowsing": {
      "enabled": false
   },
   "search": {
      "suggest_enabled": false
   },
   "translate": {
      "enabled": false
   }
}
[1746021007.970][INFO]: Populating Local State file: {
   "background_mode": {
      "enabled": false
   },
   "ssl": {
      "rev_checking": {
         "enabled": false
      }
   }
}
[1746021007.970][INFO]: ChromeDriver supports communication with Chrome via pipes. This is more reliable and more secure.
[1746021007.970][INFO]: Use the --remote-debugging-pipe Chrome switch instead of the default --remote-debugging-port to enable this communication mode.
[1746021007.970][INFO]: Launching chrome: /opt/google/chrome/chrome --allow-pre-commit-input --allow-running-insecure-content --disable-background-networking --disable-breakpad --disable-browser-side-navigation --disable-client-side-phishing-detection --disable-default-apps --disable-dev-shm-usage --disable-dev-tools --disable-features=site-per-process,IsolateOrigins,BlockInsecurePrivateNetworkRequests,AudioServiceOutOfProcess --disable-gpu --disable-gpu-program-cache --disable-gpu-shader-disk-cache --disable-hang-monitor --disable-logging --disable-popup-blocking --disable-print-preview --disable-prompt-on-repost --disable-setuid-sandbox --disable-site-isolation-trials --disable-sync --disable-web-security --disable-webgl --dns-prefetch-disable --enable-logging --headless --ignore-certificate-errors --lang=zh-CN,zh,zh-TW,en-US,en --log-level=0 --no-first-run --no-sandbox --no-service-autorun --password-store=basic --proxy-bypass-list=* --remote-debugging-port=0 --test-type=webdriver --use-mock-keychain --user-agent=Mozilla/5.0 (Windows NT 10.0; Win64; x64) AppleWebKit/537.36 (KHTML, like Gecko) Chrome/120.0.0.0 Safari/537.36 --user-data-dir=/tmp/.org.chromium.Chromium.QdNjic data:,
[0430/215007.995646:WARNING:chrome_main_linux.cc(80)] Read channel stable from /opt/google/chrome/CHROME_VERSION_EXTRA

DevTools listening on ws://127.0.0.1:36611/devtools/browser/372b13f0-8f79-4711-bd29-8bed64463816
[1746021008.161][DEBUG]: DevTools HTTP Request: http://localhost:36611/json/version
[1746021008.186][DEBUG]: DevTools HTTP Response: {
   "Browser": "Chrome/131.0.6778.204",
   "Protocol-Version": "1.3",
   "User-Agent": "Mozilla/5.0 (Windows NT 10.0; Win64; x64) AppleWebKit/537.36 (KHTML, like Gecko) Chrome/120.0.0.0 Safari/537.36",
   "V8-Version": "13.1.201.19",
   "WebKit-Version": "537.36 (@52183f9e99a61056f9b78535f53d256f1516f2a0)",
   "webSocketDebuggerUrl": "ws://localhost:36611/devtools/browser/372b13f0-8f79-4711-bd29-8bed64463816"
}

[1746021008.186][DEBUG]: DevTools HTTP Request: http://localhost:36611/json/list
[1746021008.192][DEBUG]: DevTools HTTP Response: [ {
   "description": "",
   "devtoolsFrontendUrl": "/devtools/inspector.html?ws=localhost:36611/devtools/page/432DF674513F50FEDD746929C8AE6994",
   "id": "432DF674513F50FEDD746929C8AE6994",
   "title": "",
   "type": "page",
   "url": "data:,",
   "webSocketDebuggerUrl": "ws://localhost:36611/devtools/page/432DF674513F50FEDD746929C8AE6994"
} ]

[1746021008.193][INFO]: resolved localhost to ["::1","127.0.0.1","127.0.0.1"]
[1746021008.193][DEBUG]: DevTools WebSocket Command: Target.getTargets (id=1) (session_id=) browser {
}
[1746021008.193][DEBUG]: DevTools WebSocket Response: Target.getTargets (id=1) (session_id=) browser {
   "targetInfos": [ {
      "attached": false,
      "browserContextId": "EA5B572690ADF25658707DB19D3BAC33",
      "canAccessOpener": false,
      "targetId": "432DF674513F50FEDD746929C8AE6994",
      "title": "",
      "type": "page",
      "url": "data:,"
   } ]
}
[1746021008.194][DEBUG]: DevTools WebSocket Command: Target.attachToTarget (id=2) (session_id=) browser {
   "flatten": true,
   "targetId": "432DF674513F50FEDD746929C8AE6994"
}
[1746021008.195][DEBUG]: DevTools WebSocket Event: Target.attachedToTarget (session_id=) browser {
   "sessionId": "77188AC55A2B151D0C273755140FACE8",
   "targetInfo": {
      "attached": true,
      "browserContextId": "EA5B572690ADF25658707DB19D3BAC33",
      "canAccessOpener": false,
      "targetId": "432DF674513F50FEDD746929C8AE6994",
      "title": "",
      "type": "page",
      "url": "data:,"
   },
   "waitingForDebugger": false
}
[1746021008.195][DEBUG]: DevTools WebSocket Response: Target.attachToTarget (id=2) (session_id=) browser {
   "sessionId": "77188AC55A2B151D0C273755140FACE8"
}
[1746021008.195][DEBUG]: DevTools WebSocket Command: Page.enable (id=3) (session_id=77188AC55A2B151D0C273755140FACE8) 432DF674513F50FEDD746929C8AE6994 {
}
[1746021008.195][DEBUG]: DevTools WebSocket Command: Page.addScriptToEvaluateOnNewDocument (id=4) (session_id=77188AC55A2B151D0C273755140FACE8) 432DF674513F50FEDD746929C8AE6994 {
   "source": "(function () {window.cdc_adoQpoasnfa76pfcZLmcfl_Array = window.Array;window.cdc_adoQpoasnfa76pfcZLmcfl_Object = window.Object;window.cdc_adoQpoasnfa76pfcZLmcfl_Promise = window.Promise;window.cdc_a..."
}
[1746021008.195][DEBUG]: DevTools WebSocket Command: Runtime.evaluate (id=5) (session_id=77188AC55A2B151D0C273755140FACE8) 432DF674513F50FEDD746929C8AE6994 {
   "expression": "(function () {window.cdc_adoQpoasnfa76pfcZLmcfl_Array = window.Array;window.cdc_adoQpoasnfa76pfcZLmcfl_Object = window.Object;window.cdc_adoQpoasnfa76pfcZLmcfl_Promise = window.Promise;window.cdc_a..."
}
[1746021008.195][DEBUG]: DevTools WebSocket Command: Log.enable (id=6) (session_id=77188AC55A2B151D0C273755140FACE8) 432DF674513F50FEDD746929C8AE6994 {
}
[1746021008.195][DEBUG]: DevTools WebSocket Command: Target.setAutoAttach (id=7) (session_id=77188AC55A2B151D0C273755140FACE8) 432DF674513F50FEDD746929C8AE6994 {
   "autoAttach": true,
   "flatten": true,
   "waitForDebuggerOnStart": false
}
[1746021008.205][DEBUG]: DevTools WebSocket Response: Page.enable (id=3) (session_id=77188AC55A2B151D0C273755140FACE8) 432DF674513F50FEDD746929C8AE6994 {
}
[1746021008.205][DEBUG]: DevTools WebSocket Response: Page.addScriptToEvaluateOnNewDocument (id=4) (session_id=77188AC55A2B151D0C273755140FACE8) 432DF674513F50FEDD746929C8AE6994 {
   "identifier": "1"
}
[1746021008.205][DEBUG]: DevTools WebSocket Response: Runtime.evaluate (id=5) (session_id=77188AC55A2B151D0C273755140FACE8) 432DF674513F50FEDD746929C8AE6994 {
   "result": {
      "type": "undefined"
   }
}
[1746021008.205][DEBUG]: DevTools WebSocket Response: Log.enable (id=6) (session_id=77188AC55A2B151D0C273755140FACE8) 432DF674513F50FEDD746929C8AE6994 {
}
[1746021008.205][DEBUG]: DevTools WebSocket Response: Target.setAutoAttach (id=7) (session_id=77188AC55A2B151D0C273755140FACE8) 432DF674513F50FEDD746929C8AE6994 {
}
[1746021008.205][DEBUG]: DevTools WebSocket Command: Runtime.enable (id=8) (session_id=77188AC55A2B151D0C273755140FACE8) 432DF674513F50FEDD746929C8AE6994 {
}
[1746021008.294][DEBUG]: DevTools WebSocket Event: Page.domContentEventFired (session_id=77188AC55A2B151D0C273755140FACE8) 432DF674513F50FEDD746929C8AE6994 {
   "timestamp": 1685366.908081
}
[1746021008.312][DEBUG]: DevTools WebSocket Event: Page.loadEventFired (session_id=77188AC55A2B151D0C273755140FACE8) 432DF674513F50FEDD746929C8AE6994 {
   "timestamp": 1685366.908442
}
[1746021008.323][DEBUG]: DevTools WebSocket Event: Page.frameStoppedLoading (session_id=77188AC55A2B151D0C273755140FACE8) 432DF674513F50FEDD746929C8AE6994 {
   "frameId": "432DF674513F50FEDD746929C8AE6994"
}
[1746021008.323][DEBUG]: DevTools WebSocket Event: Runtime.executionContextCreated (session_id=77188AC55A2B151D0C273755140FACE8) 432DF674513F50FEDD746929C8AE6994 {
   "context": {
      "auxData": {
         "frameId": "432DF674513F50FEDD746929C8AE6994",
         "isDefault": true,
         "type": "default"
      },
      "id": 1,
      "name": "",
      "origin": "://",
      "uniqueId": "-5631173522019730531.4667643559001087891"
   }
}
[1746021008.323][DEBUG]: DevTools WebSocket Response: Runtime.enable (id=8) (session_id=77188AC55A2B151D0C273755140FACE8) 432DF674513F50FEDD746929C8AE6994 {
}
[1746021008.323][DEBUG]: DevTools WebSocket Command: Runtime.enable (id=9) (session_id=77188AC55A2B151D0C273755140FACE8) 432DF674513F50FEDD746929C8AE6994 {
}
[1746021008.324][DEBUG]: DevTools WebSocket Response: Runtime.enable (id=9) (session_id=77188AC55A2B151D0C273755140FACE8) 432DF674513F50FEDD746929C8AE6994 {
}
[1746021008.324][INFO]: [4a031f8b4ad433459081fc7da7009880] RESPONSE InitSession {
   "capabilities": {
      "acceptInsecureCerts": false,
      "browserName": "chrome",
      "browserVersion": "131.0.6778.204",
      "chrome": {
         "chromedriverVersion": "131.0.6778.204 (52183f9e99a61056f9b78535f53d256f1516f2a0-refs/branch-heads/6778_155@{#7})",
         "userDataDir": "/tmp/.org.chromium.Chromium.QdNjic"
      },
      "fedcm:accounts": true,
      "goog:chromeOptions": {
         "debuggerAddress": "localhost:36611"
      },
      "networkConnectionEnabled": false,
      "pageLoadStrategy": "eager",
      "platformName": "linux",
      "proxy": {
      },
      "setWindowRect": true,
      "strictFileInteractability": false,
      "timeouts": {
         "implicit": 0,
         "pageLoad": 300000,
         "script": 30000
      },
      "unhandledPromptBehavior": "dismiss and notify",
      "webauthn:extension:credBlob": true,
      "webauthn:extension:largeBlob": true,
      "webauthn:extension:minPinLength": true,
      "webauthn:extension:prf": true,
      "webauthn:virtualAuthenticators": true
   },
   "sessionId": "4a031f8b4ad433459081fc7da7009880"
}
[1746021008.325][INFO]: [4a031f8b4ad433459081fc7da7009880] COMMAND SetTimeouts {
   "pageLoad": 120000
}
[1746021008.325][INFO]: [4a031f8b4ad433459081fc7da7009880] RESPONSE SetTimeouts
[1746021008.326][INFO]: [4a031f8b4ad433459081fc7da7009880] COMMAND SetTimeouts {
   "script": 120000
}
[1746021008.326][INFO]: [4a031f8b4ad433459081fc7da7009880] RESPONSE SetTimeouts
[1746021008.327][INFO]: [4a031f8b4ad433459081fc7da7009880] COMMAND SetTimeouts {
   "implicit": 30000
}
[1746021008.327][INFO]: [4a031f8b4ad433459081fc7da7009880] RESPONSE SetTimeouts
[1746021008.328][INFO]: [4a031f8b4ad433459081fc7da7009880] COMMAND SetWindowRect {
   "height": 1080,
   "width": 1920,
   "x": null,
   "y": null
}
[1746021008.328][INFO]: Waiting for pending navigations...
[1746021008.328][DEBUG]: DevTools WebSocket Command: Runtime.evaluate (id=10) (session_id=77188AC55A2B151D0C273755140FACE8) 432DF674513F50FEDD746929C8AE6994 {
   "expression": "1"
}
[1746021008.328][DEBUG]: DevTools WebSocket Response: Runtime.evaluate (id=10) (session_id=77188AC55A2B151D0C273755140FACE8) 432DF674513F50FEDD746929C8AE6994 {
   "result": {
      "description": "1",
      "type": "number",
      "value": 1
   }
}
[1746021008.328][INFO]: Done waiting for pending navigations. Status: ok
[1746021008.328][DEBUG]: DevTools WebSocket Command: Browser.getWindowForTarget (id=11) (session_id=) browser {
   "targetId": "432DF674513F50FEDD746929C8AE6994"
}
[1746021008.328][DEBUG]: DevTools WebSocket Response: Browser.getWindowForTarget (id=11) (session_id=) browser {
   "bounds": {
      "height": 580,
      "left": 10,
      "top": 10,
      "width": 780,
      "windowState": "normal"
   },
   "windowId": 1878950956
}
[1746021008.328][DEBUG]: DevTools WebSocket Command: Browser.setWindowBounds (id=12) (session_id=) browser {
   "bounds": {
      "height": 1080,
      "width": 1920
   },
   "windowId": 1878950956
}
[1746021008.331][DEBUG]: DevTools WebSocket Response: Browser.setWindowBounds (id=12) (session_id=) browser {
}
[1746021008.341][DEBUG]: DevTools WebSocket Command: Browser.getWindowBounds (id=13) (session_id=) browser {
   "windowId": 1878950956
}
[1746021008.341][DEBUG]: DevTools WebSocket Event: Page.frameResized (session_id=77188AC55A2B151D0C273755140FACE8) 432DF674513F50FEDD746929C8AE6994 {
}
[1746021008.341][DEBUG]: DevTools WebSocket Response: Browser.getWindowBounds (id=13) (session_id=) browser {
   "bounds": {
      "height": 1080,
      "left": 10,
      "top": 10,
      "width": 1920,
      "windowState": "normal"
   }
}
[1746021008.341][DEBUG]: DevTools WebSocket Command: Browser.getWindowForTarget (id=14) (session_id=) browser {
   "targetId": "432DF674513F50FEDD746929C8AE6994"
}
[1746021008.341][DEBUG]: DevTools WebSocket Response: Browser.getWindowForTarget (id=14) (session_id=) browser {
   "bounds": {
      "height": 1080,
      "left": 10,
      "top": 10,
      "width": 1920,
      "windowState": "normal"
   },
   "windowId": 1878950956
}
[1746021008.341][INFO]: Waiting for pending navigations...
[1746021008.341][DEBUG]: DevTools WebSocket Command: Runtime.evaluate (id=15) (session_id=77188AC55A2B151D0C273755140FACE8) 432DF674513F50FEDD746929C8AE6994 {
   "expression": "1"
}
[1746021008.342][DEBUG]: DevTools WebSocket Response: Runtime.evaluate (id=15) (session_id=77188AC55A2B151D0C273755140FACE8) 432DF674513F50FEDD746929C8AE6994 {
   "result": {
      "description": "1",
      "type": "number",
      "value": 1
   }
}
[1746021008.342][INFO]: Done waiting for pending navigations. Status: ok
[1746021008.342][INFO]: [4a031f8b4ad433459081fc7da7009880] RESPONSE SetWindowRect {
   "height": 1080,
   "width": 1920,
   "x": 10,
   "y": 10
}
