2025-07-19 23:58:59,162 - spider.piyao_ld_spider - INFO - 开始爬取辟谣网站 ld.htm 页面
2025-07-19 23:58:59,162 - spider.piyao_ld_spider - INFO - 正在请求页面: https://www.piyao.org.cn/ld.htm
2025-07-19 23:59:01,321 - spider.piyao_ld_spider - INFO - 页面请求成功: https://www.piyao.org.cn/ld.htm, 状态码: 200
2025-07-19 23:59:01,332 - spider.piyao_ld_spider - INFO - 找到 20 篇文章链接
2025-07-19 23:59:01,332 - spider.piyao_ld_spider - INFO - 解析到文章: 温州公安依法查处一起编造虚假警情案 - https://www.piyao.org.cn/20250717/ef39a204545b491c8d12d4c1def14519/c.html
2025-07-19 23:59:01,332 - spider.piyao_ld_spider - INFO - 解析到文章: 武汉警方公布打击网络谣言3起典型案例 - https://www.piyao.org.cn/20250717/7858bc2c77234f64bd897da8ce05a493/c.html
2025-07-19 23:59:01,332 - spider.piyao_ld_spider - INFO - 解析到文章: 北京第二外国语学院发布郑重声明 - https://www.piyao.org.cn/20250718/10840b02ee3e430389edee91151e8b3c/c.html
2025-07-19 23:59:01,332 - spider.piyao_ld_spider - INFO - 解析到文章: “倒挂控水法”能救溺水者？ - https://www.piyao.org.cn/20250717/5c9a97cd456042c7b851540753059d55/c.html
2025-07-19 23:59:01,332 - spider.piyao_ld_spider - INFO - 解析到文章: 女子造谣单位内有人热死被依法处罚 - https://www.piyao.org.cn/20250718/962403c6e7ba409195056e2d346a9329/c.html
2025-07-19 23:59:01,332 - spider.piyao_ld_spider - INFO - 解析到文章: 山西一网民造谣“辖区有人贩子出没”被处罚 - https://www.piyao.org.cn/20250717/5bc195538c36447aa06c5f3a1757aad1/c.html
2025-07-19 23:59:01,332 - spider.piyao_ld_spider - INFO - 解析到文章: 防晒衣面料添加艾草精华可抗菌、驱蚊？ - https://www.piyao.org.cn/20250717/1eb06d418d5f48c9b79d4962d841887a/c.html
2025-07-19 23:59:01,333 - spider.piyao_ld_spider - INFO - 解析到文章: 2025四川高校录取通知书认准这些签发人 - https://www.piyao.org.cn/20250716/7834a723479649459dcbd7a4f92e9dae/c.html
2025-07-19 23:59:01,333 - spider.piyao_ld_spider - INFO - 解析到文章: 四川发洪水竹上还有两个人？ - https://www.piyao.org.cn/20250716/25cf3e75595f4329aced5b043538cf7d/c.html
2025-07-19 23:59:01,333 - spider.piyao_ld_spider - INFO - 解析到文章: 西安警方通报5起网络谣言典型案例 - https://www.piyao.org.cn/20250717/acba389c4f2d4129bc5e008d6499872e/c.html
2025-07-19 23:59:01,333 - spider.piyao_ld_spider - INFO - 解析到文章: 内蒙古乌海公安提醒！ - https://www.piyao.org.cn/20250716/752a3258801e4804abfa71b47f4b8147/c.html
2025-07-19 23:59:01,333 - spider.piyao_ld_spider - INFO - 解析到文章: 上海清算所郑重声明 - https://www.piyao.org.cn/20250716/e3e4d992e4294d9588a3c45972d7673b/c.html
2025-07-19 23:59:01,333 - spider.piyao_ld_spider - INFO - 解析到文章: 北京有水龙头流绿水？真相是...... - https://www.piyao.org.cn/20250716/3db7a852e92d4208b6ec1f3ce13ddb64/c.html
2025-07-19 23:59:01,333 - spider.piyao_ld_spider - INFO - 解析到文章: 夏季减重，出汗越多瘦得越快？ - https://www.piyao.org.cn/20250715/10d4465e017b4df191f2977cb0252f09/c.html
2025-07-19 23:59:01,333 - spider.piyao_ld_spider - INFO - 解析到文章: 湖南吉首一网民发布虚假谣言被约谈 - https://www.piyao.org.cn/20250715/4bbd7ec1858c4973bbca823e9fc41bde/c.html
2025-07-19 23:59:01,333 - spider.piyao_ld_spider - INFO - 解析到文章: 辟谣！网传“河南叶县一醉汉持椅殴打男童”为不实信息！ - https://www.piyao.org.cn/20250715/21cf3690941b4d0fa0c9b69f98fa2e44/c.html
2025-07-19 23:59:01,333 - spider.piyao_ld_spider - INFO - 解析到文章: 网传太阳能板释放有害电磁辐射？谣言！ - https://www.piyao.org.cn/20250711/bd023518677844abb2d477f29e0a2eaf/c.html
2025-07-19 23:59:01,333 - spider.piyao_ld_spider - INFO - 解析到文章: 上门服务激活医保码？四川医保局：假的！ - https://www.piyao.org.cn/20250711/8eceaca4a2b74d608661d92611060df9/c.html
2025-07-19 23:59:01,333 - spider.piyao_ld_spider - INFO - 解析到文章: 河南平顶山市教育体育局：这些信息都是假的！ - https://www.piyao.org.cn/20250711/5d2e664cb89b40d6b9ee8844d9b94550/c.html
2025-07-19 23:59:01,333 - spider.piyao_ld_spider - INFO - 解析到文章: 网传河南沁阳“八一水库淹死人了”系不实信息！ - https://www.piyao.org.cn/20250711/c2557ac66cf24bd7bb0defb172a597ce/c.html
2025-07-19 23:59:01,333 - spider.piyao_ld_spider - INFO - 限制爬取数量为 3 篇
2025-07-19 23:59:01,333 - spider.piyao_ld_spider - INFO - 正在爬取第 1/3 篇文章: 温州公安依法查处一起编造虚假警情案
2025-07-19 23:59:01,333 - spider.piyao_ld_spider - INFO - 正在请求页面: https://www.piyao.org.cn/20250717/ef39a204545b491c8d12d4c1def14519/c.html
2025-07-19 23:59:02,606 - spider.piyao_ld_spider - INFO - 页面请求成功: https://www.piyao.org.cn/20250717/ef39a204545b491c8d12d4c1def14519/c.html, 状态码: 200
2025-07-19 23:59:02,613 - spider.piyao_ld_spider - INFO - 获取到标题: 为博流量编造谣言，温州公安依法查处一起编造虚假警情案
2025-07-19 23:59:02,614 - spider.piyao_ld_spider - INFO - 获取到内容长度: 1068
2025-07-19 23:59:04,619 - spider.piyao_ld_spider - INFO - 正在爬取第 2/3 篇文章: 武汉警方公布打击网络谣言3起典型案例
2025-07-19 23:59:04,619 - spider.piyao_ld_spider - INFO - 正在请求页面: https://www.piyao.org.cn/20250717/7858bc2c77234f64bd897da8ce05a493/c.html
2025-07-19 23:59:05,512 - spider.piyao_ld_spider - INFO - 页面请求成功: https://www.piyao.org.cn/20250717/7858bc2c77234f64bd897da8ce05a493/c.html, 状态码: 200
2025-07-19 23:59:05,520 - spider.piyao_ld_spider - INFO - 获取到标题: 武汉警方公布打击网络谣言3起典型案例
2025-07-19 23:59:05,521 - spider.piyao_ld_spider - INFO - 获取到内容长度: 1334
2025-07-19 23:59:07,526 - spider.piyao_ld_spider - INFO - 正在爬取第 3/3 篇文章: 北京第二外国语学院发布郑重声明
2025-07-19 23:59:07,526 - spider.piyao_ld_spider - INFO - 正在请求页面: https://www.piyao.org.cn/20250718/10840b02ee3e430389edee91151e8b3c/c.html
2025-07-19 23:59:08,747 - spider.piyao_ld_spider - INFO - 页面请求成功: https://www.piyao.org.cn/20250718/10840b02ee3e430389edee91151e8b3c/c.html, 状态码: 200
2025-07-19 23:59:08,755 - spider.piyao_ld_spider - INFO - 获取到标题: 有不法分子冒充招生办发布虚假信息，北京第二外国语学院发布郑重声明
2025-07-19 23:59:08,756 - spider.piyao_ld_spider - INFO - 获取到内容长度: 576
2025-07-19 23:59:10,761 - spider.piyao_ld_spider - INFO - 结果已保存到 piyao_ld_results.json
2025-07-19 23:59:10,761 - spider.piyao_ld_spider - INFO - 摘要已保存到 piyao_ld_summary.json
2025-07-19 23:59:10,761 - root - INFO - 成功爬取 3 篇文章
2025-07-20 00:03:33,670 - spider.piyao_ld_spider - INFO - 开始爬取辟谣网站 ld.htm 页面
2025-07-20 00:03:33,671 - spider.piyao_ld_spider - INFO - 正在请求页面: https://www.piyao.org.cn/ld.htm
2025-07-20 00:03:34,560 - spider.piyao_ld_spider - INFO - 页面请求成功: https://www.piyao.org.cn/ld.htm, 状态码: 200
2025-07-20 00:03:34,571 - spider.piyao_ld_spider - INFO - 找到 20 篇文章链接
2025-07-20 00:03:34,571 - spider.piyao_ld_spider - INFO - 解析到文章: 温州公安依法查处一起编造虚假警情案 - https://www.piyao.org.cn/20250717/ef39a204545b491c8d12d4c1def14519/c.html
2025-07-20 00:03:34,571 - spider.piyao_ld_spider - INFO - 解析到文章: 武汉警方公布打击网络谣言3起典型案例 - https://www.piyao.org.cn/20250717/7858bc2c77234f64bd897da8ce05a493/c.html
2025-07-20 00:03:34,571 - spider.piyao_ld_spider - INFO - 解析到文章: 北京第二外国语学院发布郑重声明 - https://www.piyao.org.cn/20250718/10840b02ee3e430389edee91151e8b3c/c.html
2025-07-20 00:03:34,571 - spider.piyao_ld_spider - INFO - 解析到文章: “倒挂控水法”能救溺水者？ - https://www.piyao.org.cn/20250717/5c9a97cd456042c7b851540753059d55/c.html
2025-07-20 00:03:34,571 - spider.piyao_ld_spider - INFO - 解析到文章: 女子造谣单位内有人热死被依法处罚 - https://www.piyao.org.cn/20250718/962403c6e7ba409195056e2d346a9329/c.html
2025-07-20 00:03:34,571 - spider.piyao_ld_spider - INFO - 解析到文章: 山西一网民造谣“辖区有人贩子出没”被处罚 - https://www.piyao.org.cn/20250717/5bc195538c36447aa06c5f3a1757aad1/c.html
2025-07-20 00:03:34,571 - spider.piyao_ld_spider - INFO - 解析到文章: 防晒衣面料添加艾草精华可抗菌、驱蚊？ - https://www.piyao.org.cn/20250717/1eb06d418d5f48c9b79d4962d841887a/c.html
2025-07-20 00:03:34,571 - spider.piyao_ld_spider - INFO - 解析到文章: 2025四川高校录取通知书认准这些签发人 - https://www.piyao.org.cn/20250716/7834a723479649459dcbd7a4f92e9dae/c.html
2025-07-20 00:03:34,572 - spider.piyao_ld_spider - INFO - 解析到文章: 四川发洪水竹上还有两个人？ - https://www.piyao.org.cn/20250716/25cf3e75595f4329aced5b043538cf7d/c.html
2025-07-20 00:03:34,572 - spider.piyao_ld_spider - INFO - 解析到文章: 西安警方通报5起网络谣言典型案例 - https://www.piyao.org.cn/20250717/acba389c4f2d4129bc5e008d6499872e/c.html
2025-07-20 00:03:34,572 - spider.piyao_ld_spider - INFO - 解析到文章: 内蒙古乌海公安提醒！ - https://www.piyao.org.cn/20250716/752a3258801e4804abfa71b47f4b8147/c.html
2025-07-20 00:03:34,572 - spider.piyao_ld_spider - INFO - 解析到文章: 上海清算所郑重声明 - https://www.piyao.org.cn/20250716/e3e4d992e4294d9588a3c45972d7673b/c.html
2025-07-20 00:03:34,572 - spider.piyao_ld_spider - INFO - 解析到文章: 北京有水龙头流绿水？真相是...... - https://www.piyao.org.cn/20250716/3db7a852e92d4208b6ec1f3ce13ddb64/c.html
2025-07-20 00:03:34,572 - spider.piyao_ld_spider - INFO - 解析到文章: 夏季减重，出汗越多瘦得越快？ - https://www.piyao.org.cn/20250715/10d4465e017b4df191f2977cb0252f09/c.html
2025-07-20 00:03:34,572 - spider.piyao_ld_spider - INFO - 解析到文章: 湖南吉首一网民发布虚假谣言被约谈 - https://www.piyao.org.cn/20250715/4bbd7ec1858c4973bbca823e9fc41bde/c.html
2025-07-20 00:03:34,572 - spider.piyao_ld_spider - INFO - 解析到文章: 辟谣！网传“河南叶县一醉汉持椅殴打男童”为不实信息！ - https://www.piyao.org.cn/20250715/21cf3690941b4d0fa0c9b69f98fa2e44/c.html
2025-07-20 00:03:34,572 - spider.piyao_ld_spider - INFO - 解析到文章: 网传太阳能板释放有害电磁辐射？谣言！ - https://www.piyao.org.cn/20250711/bd023518677844abb2d477f29e0a2eaf/c.html
2025-07-20 00:03:34,572 - spider.piyao_ld_spider - INFO - 解析到文章: 上门服务激活医保码？四川医保局：假的！ - https://www.piyao.org.cn/20250711/8eceaca4a2b74d608661d92611060df9/c.html
2025-07-20 00:03:34,572 - spider.piyao_ld_spider - INFO - 解析到文章: 河南平顶山市教育体育局：这些信息都是假的！ - https://www.piyao.org.cn/20250711/5d2e664cb89b40d6b9ee8844d9b94550/c.html
2025-07-20 00:03:34,572 - spider.piyao_ld_spider - INFO - 解析到文章: 网传河南沁阳“八一水库淹死人了”系不实信息！ - https://www.piyao.org.cn/20250711/c2557ac66cf24bd7bb0defb172a597ce/c.html
2025-07-20 00:03:34,572 - spider.piyao_ld_spider - INFO - 正在爬取第 1/20 篇文章: 温州公安依法查处一起编造虚假警情案
2025-07-20 00:03:34,572 - spider.piyao_ld_spider - INFO - 正在请求页面: https://www.piyao.org.cn/20250717/ef39a204545b491c8d12d4c1def14519/c.html
2025-07-20 00:03:35,737 - spider.piyao_ld_spider - INFO - 页面请求成功: https://www.piyao.org.cn/20250717/ef39a204545b491c8d12d4c1def14519/c.html, 状态码: 200
2025-07-20 00:03:35,744 - spider.piyao_ld_spider - INFO - 获取到标题: 为博流量编造谣言，温州公安依法查处一起编造虚假警情案
2025-07-20 00:03:35,745 - spider.piyao_ld_spider - INFO - 获取到内容长度: 1068
2025-07-20 00:03:37,750 - spider.piyao_ld_spider - INFO - 正在爬取第 2/20 篇文章: 武汉警方公布打击网络谣言3起典型案例
2025-07-20 00:03:37,750 - spider.piyao_ld_spider - INFO - 正在请求页面: https://www.piyao.org.cn/20250717/7858bc2c77234f64bd897da8ce05a493/c.html
2025-07-20 00:03:38,597 - spider.piyao_ld_spider - INFO - 页面请求成功: https://www.piyao.org.cn/20250717/7858bc2c77234f64bd897da8ce05a493/c.html, 状态码: 200
2025-07-20 00:03:38,607 - spider.piyao_ld_spider - INFO - 获取到标题: 武汉警方公布打击网络谣言3起典型案例
2025-07-20 00:03:38,608 - spider.piyao_ld_spider - INFO - 获取到内容长度: 1334
2025-07-20 00:03:40,612 - spider.piyao_ld_spider - INFO - 正在爬取第 3/20 篇文章: 北京第二外国语学院发布郑重声明
2025-07-20 00:03:40,612 - spider.piyao_ld_spider - INFO - 正在请求页面: https://www.piyao.org.cn/20250718/10840b02ee3e430389edee91151e8b3c/c.html
2025-07-20 00:03:41,457 - spider.piyao_ld_spider - INFO - 页面请求成功: https://www.piyao.org.cn/20250718/10840b02ee3e430389edee91151e8b3c/c.html, 状态码: 200
2025-07-20 00:03:41,465 - spider.piyao_ld_spider - INFO - 获取到标题: 有不法分子冒充招生办发布虚假信息，北京第二外国语学院发布郑重声明
2025-07-20 00:03:41,466 - spider.piyao_ld_spider - INFO - 获取到内容长度: 576
2025-07-20 00:03:43,470 - spider.piyao_ld_spider - INFO - 正在爬取第 4/20 篇文章: “倒挂控水法”能救溺水者？
2025-07-20 00:03:43,470 - spider.piyao_ld_spider - INFO - 正在请求页面: https://www.piyao.org.cn/20250717/5c9a97cd456042c7b851540753059d55/c.html
2025-07-20 00:03:44,717 - spider.piyao_ld_spider - INFO - 页面请求成功: https://www.piyao.org.cn/20250717/5c9a97cd456042c7b851540753059d55/c.html, 状态码: 200
2025-07-20 00:03:44,723 - spider.piyao_ld_spider - INFO - 获取到标题: “倒挂控水法”能救溺水者？
2025-07-20 00:03:44,724 - spider.piyao_ld_spider - INFO - 获取到内容长度: 4
2025-07-20 00:03:46,728 - spider.piyao_ld_spider - INFO - 正在爬取第 5/20 篇文章: 女子造谣单位内有人热死被依法处罚
2025-07-20 00:03:46,728 - spider.piyao_ld_spider - INFO - 正在请求页面: https://www.piyao.org.cn/20250718/962403c6e7ba409195056e2d346a9329/c.html
2025-07-20 00:03:47,472 - spider.piyao_ld_spider - INFO - 页面请求成功: https://www.piyao.org.cn/20250718/962403c6e7ba409195056e2d346a9329/c.html, 状态码: 200
2025-07-20 00:03:47,476 - spider.piyao_ld_spider - INFO - 获取到标题: 女子造谣单位内有人热死被依法处罚
2025-07-20 00:03:47,476 - spider.piyao_ld_spider - INFO - 获取到内容长度: 228
2025-07-20 00:03:49,481 - spider.piyao_ld_spider - INFO - 正在爬取第 6/20 篇文章: 山西一网民造谣“辖区有人贩子出没”被处罚
2025-07-20 00:03:49,481 - spider.piyao_ld_spider - INFO - 正在请求页面: https://www.piyao.org.cn/20250717/5bc195538c36447aa06c5f3a1757aad1/c.html
2025-07-20 00:03:50,382 - spider.piyao_ld_spider - INFO - 页面请求成功: https://www.piyao.org.cn/20250717/5bc195538c36447aa06c5f3a1757aad1/c.html, 状态码: 200
2025-07-20 00:03:50,388 - spider.piyao_ld_spider - INFO - 获取到标题: 未核实即发布！山西晋中祁县一网民造谣“辖区有人贩子出没”被处罚
2025-07-20 00:03:50,389 - spider.piyao_ld_spider - INFO - 获取到内容长度: 788
2025-07-20 00:03:52,392 - spider.piyao_ld_spider - INFO - 正在爬取第 7/20 篇文章: 防晒衣面料添加艾草精华可抗菌、驱蚊？
2025-07-20 00:03:52,392 - spider.piyao_ld_spider - INFO - 正在请求页面: https://www.piyao.org.cn/20250717/1eb06d418d5f48c9b79d4962d841887a/c.html
2025-07-20 00:03:53,382 - spider.piyao_ld_spider - INFO - 页面请求成功: https://www.piyao.org.cn/20250717/1eb06d418d5f48c9b79d4962d841887a/c.html, 状态码: 200
2025-07-20 00:03:53,390 - spider.piyao_ld_spider - INFO - 获取到标题: 防晒衣面料添加艾草精华可抗菌、驱蚊？中消协：警惕营销话术套路
2025-07-20 00:03:53,390 - spider.piyao_ld_spider - INFO - 获取到内容长度: 3070
2025-07-20 00:03:55,394 - spider.piyao_ld_spider - INFO - 正在爬取第 8/20 篇文章: 2025四川高校录取通知书认准这些签发人
2025-07-20 00:03:55,394 - spider.piyao_ld_spider - INFO - 正在请求页面: https://www.piyao.org.cn/20250716/7834a723479649459dcbd7a4f92e9dae/c.html
2025-07-20 00:03:56,566 - spider.piyao_ld_spider - INFO - 页面请求成功: https://www.piyao.org.cn/20250716/7834a723479649459dcbd7a4f92e9dae/c.html, 状态码: 200
2025-07-20 00:03:56,571 - spider.piyao_ld_spider - INFO - 获取到标题: 考生注意！2025四川高校录取通知书认准这些签发人 不是他们签的都是假的
2025-07-20 00:03:56,572 - spider.piyao_ld_spider - INFO - 获取到内容长度: 530
2025-07-20 00:03:58,576 - spider.piyao_ld_spider - INFO - 正在爬取第 9/20 篇文章: 四川发洪水竹上还有两个人？
2025-07-20 00:03:58,577 - spider.piyao_ld_spider - INFO - 正在请求页面: https://www.piyao.org.cn/20250716/25cf3e75595f4329aced5b043538cf7d/c.html
2025-07-20 00:03:59,374 - spider.piyao_ld_spider - INFO - 页面请求成功: https://www.piyao.org.cn/20250716/25cf3e75595f4329aced5b043538cf7d/c.html, 状态码: 200
2025-07-20 00:03:59,381 - spider.piyao_ld_spider - INFO - 获取到标题: 四川发洪水竹上还有两个人？官方回应
2025-07-20 00:03:59,382 - spider.piyao_ld_spider - INFO - 获取到内容长度: 430
2025-07-20 00:04:01,386 - spider.piyao_ld_spider - INFO - 正在爬取第 10/20 篇文章: 西安警方通报5起网络谣言典型案例
2025-07-20 00:04:01,386 - spider.piyao_ld_spider - INFO - 正在请求页面: https://www.piyao.org.cn/20250717/acba389c4f2d4129bc5e008d6499872e/c.html
2025-07-20 00:04:02,227 - spider.piyao_ld_spider - INFO - 页面请求成功: https://www.piyao.org.cn/20250717/acba389c4f2d4129bc5e008d6499872e/c.html, 状态码: 200
2025-07-20 00:04:02,235 - spider.piyao_ld_spider - INFO - 获取到标题: 西安警方通报5起网络谣言典型案例
2025-07-20 00:04:02,236 - spider.piyao_ld_spider - INFO - 获取到内容长度: 1880
2025-07-20 00:04:04,242 - spider.piyao_ld_spider - INFO - 正在爬取第 11/20 篇文章: 内蒙古乌海公安提醒！
2025-07-20 00:04:04,242 - spider.piyao_ld_spider - INFO - 正在请求页面: https://www.piyao.org.cn/20250716/752a3258801e4804abfa71b47f4b8147/c.html
2025-07-20 00:04:05,009 - spider.piyao_ld_spider - INFO - 页面请求成功: https://www.piyao.org.cn/20250716/752a3258801e4804abfa71b47f4b8147/c.html, 状态码: 200
2025-07-20 00:04:05,016 - spider.piyao_ld_spider - INFO - 获取到标题: 内蒙古乌海公安提醒：警惕假借“税收抽查”名义实施诈骗
2025-07-20 00:04:05,016 - spider.piyao_ld_spider - INFO - 获取到内容长度: 486
2025-07-20 00:04:07,022 - spider.piyao_ld_spider - INFO - 正在爬取第 12/20 篇文章: 上海清算所郑重声明
2025-07-20 00:04:07,022 - spider.piyao_ld_spider - INFO - 正在请求页面: https://www.piyao.org.cn/20250716/e3e4d992e4294d9588a3c45972d7673b/c.html
2025-07-20 00:04:08,507 - spider.piyao_ld_spider - INFO - 页面请求成功: https://www.piyao.org.cn/20250716/e3e4d992e4294d9588a3c45972d7673b/c.html, 状态码: 200
2025-07-20 00:04:08,514 - spider.piyao_ld_spider - INFO - 获取到标题: 上海清算所郑重声明
2025-07-20 00:04:08,515 - spider.piyao_ld_spider - INFO - 获取到内容长度: 5
2025-07-20 00:04:10,520 - spider.piyao_ld_spider - INFO - 正在爬取第 13/20 篇文章: 北京有水龙头流绿水？真相是......
2025-07-20 00:04:10,520 - spider.piyao_ld_spider - INFO - 正在请求页面: https://www.piyao.org.cn/20250716/3db7a852e92d4208b6ec1f3ce13ddb64/c.html
2025-07-20 00:04:11,562 - spider.piyao_ld_spider - INFO - 页面请求成功: https://www.piyao.org.cn/20250716/3db7a852e92d4208b6ec1f3ce13ddb64/c.html, 状态码: 200
2025-07-20 00:04:11,568 - spider.piyao_ld_spider - INFO - 获取到标题: 北京有水龙头流绿水？实为“洁厕宝水”倒灌
2025-07-20 00:04:11,569 - spider.piyao_ld_spider - INFO - 获取到内容长度: 289
2025-07-20 00:04:13,573 - spider.piyao_ld_spider - INFO - 正在爬取第 14/20 篇文章: 夏季减重，出汗越多瘦得越快？
2025-07-20 00:04:13,574 - spider.piyao_ld_spider - INFO - 正在请求页面: https://www.piyao.org.cn/20250715/10d4465e017b4df191f2977cb0252f09/c.html
2025-07-20 00:04:14,383 - spider.piyao_ld_spider - INFO - 页面请求成功: https://www.piyao.org.cn/20250715/10d4465e017b4df191f2977cb0252f09/c.html, 状态码: 200
2025-07-20 00:04:14,389 - spider.piyao_ld_spider - INFO - 获取到标题: 夏季减重，出汗越多瘦得越快？
2025-07-20 00:04:14,390 - spider.piyao_ld_spider - INFO - 获取到内容长度: 4
2025-07-20 00:04:16,394 - spider.piyao_ld_spider - INFO - 正在爬取第 15/20 篇文章: 湖南吉首一网民发布虚假谣言被约谈
2025-07-20 00:04:16,394 - spider.piyao_ld_spider - INFO - 正在请求页面: https://www.piyao.org.cn/20250715/4bbd7ec1858c4973bbca823e9fc41bde/c.html
2025-07-20 00:04:17,172 - spider.piyao_ld_spider - INFO - 页面请求成功: https://www.piyao.org.cn/20250715/4bbd7ec1858c4973bbca823e9fc41bde/c.html, 状态码: 200
2025-07-20 00:04:17,178 - spider.piyao_ld_spider - INFO - 获取到标题: 湖南吉首一网民发布虚假谣言被约谈
2025-07-20 00:04:17,179 - spider.piyao_ld_spider - INFO - 获取到内容长度: 1042
2025-07-20 00:04:19,184 - spider.piyao_ld_spider - INFO - 正在爬取第 16/20 篇文章: 辟谣！网传“河南叶县一醉汉持椅殴打男童”为不实信息！
2025-07-20 00:04:19,185 - spider.piyao_ld_spider - INFO - 正在请求页面: https://www.piyao.org.cn/20250715/21cf3690941b4d0fa0c9b69f98fa2e44/c.html
2025-07-20 00:04:20,264 - spider.piyao_ld_spider - INFO - 页面请求成功: https://www.piyao.org.cn/20250715/21cf3690941b4d0fa0c9b69f98fa2e44/c.html, 状态码: 200
2025-07-20 00:04:20,271 - spider.piyao_ld_spider - INFO - 获取到标题: 辟谣！网传“河南叶县一醉汉持椅殴打男童”为不实信息！
2025-07-20 00:04:20,272 - spider.piyao_ld_spider - INFO - 获取到内容长度: 811
2025-07-20 00:04:22,277 - spider.piyao_ld_spider - INFO - 正在爬取第 17/20 篇文章: 网传太阳能板释放有害电磁辐射？谣言！
2025-07-20 00:04:22,277 - spider.piyao_ld_spider - INFO - 正在请求页面: https://www.piyao.org.cn/20250711/bd023518677844abb2d477f29e0a2eaf/c.html
2025-07-20 00:04:23,280 - spider.piyao_ld_spider - INFO - 页面请求成功: https://www.piyao.org.cn/20250711/bd023518677844abb2d477f29e0a2eaf/c.html, 状态码: 200
2025-07-20 00:04:23,287 - spider.piyao_ld_spider - INFO - 获取到标题: 网传太阳能板释放有害电磁辐射？谣言！
2025-07-20 00:04:23,288 - spider.piyao_ld_spider - INFO - 获取到内容长度: 2221
2025-07-20 00:04:25,292 - spider.piyao_ld_spider - INFO - 正在爬取第 18/20 篇文章: 上门服务激活医保码？四川医保局：假的！
2025-07-20 00:04:25,292 - spider.piyao_ld_spider - INFO - 正在请求页面: https://www.piyao.org.cn/20250711/8eceaca4a2b74d608661d92611060df9/c.html
2025-07-20 00:04:26,611 - spider.piyao_ld_spider - INFO - 页面请求成功: https://www.piyao.org.cn/20250711/8eceaca4a2b74d608661d92611060df9/c.html, 状态码: 200
2025-07-20 00:04:26,617 - spider.piyao_ld_spider - INFO - 获取到标题: 上门服务激活医保码？四川医保局：假的！
2025-07-20 00:04:26,618 - spider.piyao_ld_spider - INFO - 获取到内容长度: 86
2025-07-20 00:04:28,622 - spider.piyao_ld_spider - INFO - 正在爬取第 19/20 篇文章: 河南平顶山市教育体育局：这些信息都是假的！
2025-07-20 00:04:28,622 - spider.piyao_ld_spider - INFO - 正在请求页面: https://www.piyao.org.cn/20250711/5d2e664cb89b40d6b9ee8844d9b94550/c.html
2025-07-20 00:04:29,571 - spider.piyao_ld_spider - INFO - 页面请求成功: https://www.piyao.org.cn/20250711/5d2e664cb89b40d6b9ee8844d9b94550/c.html, 状态码: 200
2025-07-20 00:04:29,578 - spider.piyao_ld_spider - INFO - 获取到标题: 河南平顶山市教育体育局：这些信息都是假的！
2025-07-20 00:04:29,578 - spider.piyao_ld_spider - INFO - 获取到内容长度: 808
2025-07-20 00:04:31,583 - spider.piyao_ld_spider - INFO - 正在爬取第 20/20 篇文章: 网传河南沁阳“八一水库淹死人了”系不实信息！
2025-07-20 00:04:31,584 - spider.piyao_ld_spider - INFO - 正在请求页面: https://www.piyao.org.cn/20250711/c2557ac66cf24bd7bb0defb172a597ce/c.html
2025-07-20 00:04:32,468 - spider.piyao_ld_spider - INFO - 页面请求成功: https://www.piyao.org.cn/20250711/c2557ac66cf24bd7bb0defb172a597ce/c.html, 状态码: 200
2025-07-20 00:04:32,474 - spider.piyao_ld_spider - INFO - 获取到标题: 辟谣！网传河南沁阳“八一水库淹死人了”系不实信息！
2025-07-20 00:04:32,475 - spider.piyao_ld_spider - INFO - 获取到内容长度: 361
2025-07-20 00:04:34,481 - spider.piyao_ld_spider - INFO - 结果已保存到 piyao_ld_results.json
2025-07-20 00:04:34,481 - spider.piyao_ld_spider - INFO - 摘要已保存到 piyao_ld_summary.json
2025-07-20 00:04:34,481 - root - INFO - 成功爬取 20 篇文章
2025-07-20 00:10:09,527 - spider.piyao_ld_spider - INFO - 开始爬取辟谣网站 ld.htm 页面
2025-07-20 00:10:09,527 - spider.piyao_ld_spider - INFO - 正在请求页面: https://www.piyao.org.cn/ld.htm
2025-07-20 00:10:10,300 - spider.piyao_ld_spider - INFO - 页面请求成功: https://www.piyao.org.cn/ld.htm, 状态码: 200
2025-07-20 00:10:10,311 - spider.piyao_ld_spider - INFO - 找到 20 篇文章链接
2025-07-20 00:10:10,311 - spider.piyao_ld_spider - INFO - 解析到文章: 温州公安依法查处一起编造虚假警情案 - https://www.piyao.org.cn/20250717/ef39a204545b491c8d12d4c1def14519/c.html
2025-07-20 00:10:10,312 - spider.piyao_ld_spider - INFO - 解析到文章: 武汉警方公布打击网络谣言3起典型案例 - https://www.piyao.org.cn/20250717/7858bc2c77234f64bd897da8ce05a493/c.html
2025-07-20 00:10:10,312 - spider.piyao_ld_spider - INFO - 解析到文章: 北京第二外国语学院发布郑重声明 - https://www.piyao.org.cn/20250718/10840b02ee3e430389edee91151e8b3c/c.html
2025-07-20 00:10:10,312 - spider.piyao_ld_spider - INFO - 解析到文章: “倒挂控水法”能救溺水者？ - https://www.piyao.org.cn/20250717/5c9a97cd456042c7b851540753059d55/c.html
2025-07-20 00:10:10,312 - spider.piyao_ld_spider - INFO - 解析到文章: 女子造谣单位内有人热死被依法处罚 - https://www.piyao.org.cn/20250718/962403c6e7ba409195056e2d346a9329/c.html
2025-07-20 00:10:10,312 - spider.piyao_ld_spider - INFO - 解析到文章: 山西一网民造谣“辖区有人贩子出没”被处罚 - https://www.piyao.org.cn/20250717/5bc195538c36447aa06c5f3a1757aad1/c.html
2025-07-20 00:10:10,312 - spider.piyao_ld_spider - INFO - 解析到文章: 防晒衣面料添加艾草精华可抗菌、驱蚊？ - https://www.piyao.org.cn/20250717/1eb06d418d5f48c9b79d4962d841887a/c.html
2025-07-20 00:10:10,312 - spider.piyao_ld_spider - INFO - 解析到文章: 2025四川高校录取通知书认准这些签发人 - https://www.piyao.org.cn/20250716/7834a723479649459dcbd7a4f92e9dae/c.html
2025-07-20 00:10:10,312 - spider.piyao_ld_spider - INFO - 解析到文章: 四川发洪水竹上还有两个人？ - https://www.piyao.org.cn/20250716/25cf3e75595f4329aced5b043538cf7d/c.html
2025-07-20 00:10:10,312 - spider.piyao_ld_spider - INFO - 解析到文章: 西安警方通报5起网络谣言典型案例 - https://www.piyao.org.cn/20250717/acba389c4f2d4129bc5e008d6499872e/c.html
2025-07-20 00:10:10,312 - spider.piyao_ld_spider - INFO - 解析到文章: 内蒙古乌海公安提醒！ - https://www.piyao.org.cn/20250716/752a3258801e4804abfa71b47f4b8147/c.html
2025-07-20 00:10:10,312 - spider.piyao_ld_spider - INFO - 解析到文章: 上海清算所郑重声明 - https://www.piyao.org.cn/20250716/e3e4d992e4294d9588a3c45972d7673b/c.html
2025-07-20 00:10:10,312 - spider.piyao_ld_spider - INFO - 解析到文章: 北京有水龙头流绿水？真相是...... - https://www.piyao.org.cn/20250716/3db7a852e92d4208b6ec1f3ce13ddb64/c.html
2025-07-20 00:10:10,312 - spider.piyao_ld_spider - INFO - 解析到文章: 夏季减重，出汗越多瘦得越快？ - https://www.piyao.org.cn/20250715/10d4465e017b4df191f2977cb0252f09/c.html
2025-07-20 00:10:10,312 - spider.piyao_ld_spider - INFO - 解析到文章: 湖南吉首一网民发布虚假谣言被约谈 - https://www.piyao.org.cn/20250715/4bbd7ec1858c4973bbca823e9fc41bde/c.html
2025-07-20 00:10:10,312 - spider.piyao_ld_spider - INFO - 解析到文章: 辟谣！网传“河南叶县一醉汉持椅殴打男童”为不实信息！ - https://www.piyao.org.cn/20250715/21cf3690941b4d0fa0c9b69f98fa2e44/c.html
2025-07-20 00:10:10,312 - spider.piyao_ld_spider - INFO - 解析到文章: 网传太阳能板释放有害电磁辐射？谣言！ - https://www.piyao.org.cn/20250711/bd023518677844abb2d477f29e0a2eaf/c.html
2025-07-20 00:10:10,312 - spider.piyao_ld_spider - INFO - 解析到文章: 上门服务激活医保码？四川医保局：假的！ - https://www.piyao.org.cn/20250711/8eceaca4a2b74d608661d92611060df9/c.html
2025-07-20 00:10:10,312 - spider.piyao_ld_spider - INFO - 解析到文章: 河南平顶山市教育体育局：这些信息都是假的！ - https://www.piyao.org.cn/20250711/5d2e664cb89b40d6b9ee8844d9b94550/c.html
2025-07-20 00:10:10,313 - spider.piyao_ld_spider - INFO - 解析到文章: 网传河南沁阳“八一水库淹死人了”系不实信息！ - https://www.piyao.org.cn/20250711/c2557ac66cf24bd7bb0defb172a597ce/c.html
2025-07-20 00:10:10,313 - spider.piyao_ld_spider - INFO - 正在爬取第 1/20 篇文章: 温州公安依法查处一起编造虚假警情案
2025-07-20 00:10:10,313 - spider.piyao_ld_spider - INFO - 正在请求页面: https://www.piyao.org.cn/20250717/ef39a204545b491c8d12d4c1def14519/c.html
2025-07-20 00:10:10,988 - spider.piyao_ld_spider - INFO - 页面请求成功: https://www.piyao.org.cn/20250717/ef39a204545b491c8d12d4c1def14519/c.html, 状态码: 200
2025-07-20 00:10:10,995 - spider.piyao_ld_spider - INFO - 获取到标题: 为博流量编造谣言，温州公安依法查处一起编造虚假警情案
2025-07-20 00:10:10,997 - spider.piyao_ld_spider - INFO - 获取到内容长度: 1068
2025-07-20 00:10:13,002 - spider.piyao_ld_spider - INFO - 正在爬取第 2/20 篇文章: 武汉警方公布打击网络谣言3起典型案例
2025-07-20 00:10:13,002 - spider.piyao_ld_spider - INFO - 正在请求页面: https://www.piyao.org.cn/20250717/7858bc2c77234f64bd897da8ce05a493/c.html
2025-07-20 00:10:13,756 - spider.piyao_ld_spider - INFO - 页面请求成功: https://www.piyao.org.cn/20250717/7858bc2c77234f64bd897da8ce05a493/c.html, 状态码: 200
2025-07-20 00:10:13,763 - spider.piyao_ld_spider - INFO - 获取到标题: 武汉警方公布打击网络谣言3起典型案例
2025-07-20 00:10:13,764 - spider.piyao_ld_spider - INFO - 获取到内容长度: 1334
2025-07-20 00:10:15,768 - spider.piyao_ld_spider - INFO - 正在爬取第 3/20 篇文章: 北京第二外国语学院发布郑重声明
2025-07-20 00:10:15,768 - spider.piyao_ld_spider - INFO - 正在请求页面: https://www.piyao.org.cn/20250718/10840b02ee3e430389edee91151e8b3c/c.html
2025-07-20 00:10:16,453 - spider.piyao_ld_spider - INFO - 页面请求成功: https://www.piyao.org.cn/20250718/10840b02ee3e430389edee91151e8b3c/c.html, 状态码: 200
2025-07-20 00:10:16,461 - spider.piyao_ld_spider - INFO - 获取到标题: 有不法分子冒充招生办发布虚假信息，北京第二外国语学院发布郑重声明
2025-07-20 00:10:16,462 - spider.piyao_ld_spider - INFO - 获取到内容长度: 576
2025-07-20 00:10:18,466 - spider.piyao_ld_spider - INFO - 正在爬取第 4/20 篇文章: “倒挂控水法”能救溺水者？
2025-07-20 00:10:18,466 - spider.piyao_ld_spider - INFO - 正在请求页面: https://www.piyao.org.cn/20250717/5c9a97cd456042c7b851540753059d55/c.html
2025-07-20 00:10:19,212 - spider.piyao_ld_spider - INFO - 页面请求成功: https://www.piyao.org.cn/20250717/5c9a97cd456042c7b851540753059d55/c.html, 状态码: 200
2025-07-20 00:10:19,219 - spider.piyao_ld_spider - INFO - 获取到标题: “倒挂控水法”能救溺水者？
2025-07-20 00:10:19,219 - spider.piyao_ld_spider - INFO - 获取到内容长度: 4
2025-07-20 00:10:21,224 - spider.piyao_ld_spider - INFO - 正在爬取第 5/20 篇文章: 女子造谣单位内有人热死被依法处罚
2025-07-20 00:10:21,225 - spider.piyao_ld_spider - INFO - 正在请求页面: https://www.piyao.org.cn/20250718/962403c6e7ba409195056e2d346a9329/c.html
2025-07-20 00:10:21,954 - spider.piyao_ld_spider - INFO - 页面请求成功: https://www.piyao.org.cn/20250718/962403c6e7ba409195056e2d346a9329/c.html, 状态码: 200
2025-07-20 00:10:21,961 - spider.piyao_ld_spider - INFO - 获取到标题: 女子造谣单位内有人热死被依法处罚
2025-07-20 00:10:21,961 - spider.piyao_ld_spider - INFO - 获取到内容长度: 228
2025-07-20 00:10:23,965 - spider.piyao_ld_spider - INFO - 正在爬取第 6/20 篇文章: 山西一网民造谣“辖区有人贩子出没”被处罚
2025-07-20 00:10:23,966 - spider.piyao_ld_spider - INFO - 正在请求页面: https://www.piyao.org.cn/20250717/5bc195538c36447aa06c5f3a1757aad1/c.html
2025-07-20 00:10:24,957 - spider.piyao_ld_spider - INFO - 页面请求成功: https://www.piyao.org.cn/20250717/5bc195538c36447aa06c5f3a1757aad1/c.html, 状态码: 200
2025-07-20 00:10:24,963 - spider.piyao_ld_spider - INFO - 获取到标题: 未核实即发布！山西晋中祁县一网民造谣“辖区有人贩子出没”被处罚
2025-07-20 00:10:24,964 - spider.piyao_ld_spider - INFO - 获取到内容长度: 788
2025-07-20 00:10:26,969 - spider.piyao_ld_spider - INFO - 正在爬取第 7/20 篇文章: 防晒衣面料添加艾草精华可抗菌、驱蚊？
2025-07-20 00:10:26,969 - spider.piyao_ld_spider - INFO - 正在请求页面: https://www.piyao.org.cn/20250717/1eb06d418d5f48c9b79d4962d841887a/c.html
2025-07-20 00:10:27,740 - spider.piyao_ld_spider - INFO - 页面请求成功: https://www.piyao.org.cn/20250717/1eb06d418d5f48c9b79d4962d841887a/c.html, 状态码: 200
2025-07-20 00:10:27,748 - spider.piyao_ld_spider - INFO - 获取到标题: 防晒衣面料添加艾草精华可抗菌、驱蚊？中消协：警惕营销话术套路
2025-07-20 00:10:27,749 - spider.piyao_ld_spider - INFO - 获取到内容长度: 3070
2025-07-20 00:10:29,754 - spider.piyao_ld_spider - INFO - 正在爬取第 8/20 篇文章: 2025四川高校录取通知书认准这些签发人
2025-07-20 00:10:29,754 - spider.piyao_ld_spider - INFO - 正在请求页面: https://www.piyao.org.cn/20250716/7834a723479649459dcbd7a4f92e9dae/c.html
2025-07-20 00:10:30,543 - spider.piyao_ld_spider - INFO - 页面请求成功: https://www.piyao.org.cn/20250716/7834a723479649459dcbd7a4f92e9dae/c.html, 状态码: 200
2025-07-20 00:10:30,549 - spider.piyao_ld_spider - INFO - 获取到标题: 考生注意！2025四川高校录取通知书认准这些签发人 不是他们签的都是假的
2025-07-20 00:10:30,550 - spider.piyao_ld_spider - INFO - 获取到内容长度: 530
2025-07-20 00:10:32,555 - spider.piyao_ld_spider - INFO - 正在爬取第 9/20 篇文章: 四川发洪水竹上还有两个人？
2025-07-20 00:10:32,556 - spider.piyao_ld_spider - INFO - 正在请求页面: https://www.piyao.org.cn/20250716/25cf3e75595f4329aced5b043538cf7d/c.html
2025-07-20 00:10:33,406 - spider.piyao_ld_spider - INFO - 页面请求成功: https://www.piyao.org.cn/20250716/25cf3e75595f4329aced5b043538cf7d/c.html, 状态码: 200
2025-07-20 00:10:33,412 - spider.piyao_ld_spider - INFO - 获取到标题: 四川发洪水竹上还有两个人？官方回应
2025-07-20 00:10:33,413 - spider.piyao_ld_spider - INFO - 获取到内容长度: 430
2025-07-20 00:10:35,417 - spider.piyao_ld_spider - INFO - 正在爬取第 10/20 篇文章: 西安警方通报5起网络谣言典型案例
2025-07-20 00:10:35,417 - spider.piyao_ld_spider - INFO - 正在请求页面: https://www.piyao.org.cn/20250717/acba389c4f2d4129bc5e008d6499872e/c.html
2025-07-20 00:10:36,487 - spider.piyao_ld_spider - INFO - 页面请求成功: https://www.piyao.org.cn/20250717/acba389c4f2d4129bc5e008d6499872e/c.html, 状态码: 200
2025-07-20 00:10:36,495 - spider.piyao_ld_spider - INFO - 获取到标题: 西安警方通报5起网络谣言典型案例
2025-07-20 00:10:36,495 - spider.piyao_ld_spider - INFO - 获取到内容长度: 1880
2025-07-20 00:10:38,498 - spider.piyao_ld_spider - INFO - 正在爬取第 11/20 篇文章: 内蒙古乌海公安提醒！
2025-07-20 00:10:38,498 - spider.piyao_ld_spider - INFO - 正在请求页面: https://www.piyao.org.cn/20250716/752a3258801e4804abfa71b47f4b8147/c.html
2025-07-20 00:10:39,233 - spider.piyao_ld_spider - INFO - 页面请求成功: https://www.piyao.org.cn/20250716/752a3258801e4804abfa71b47f4b8147/c.html, 状态码: 200
2025-07-20 00:10:39,239 - spider.piyao_ld_spider - INFO - 获取到标题: 内蒙古乌海公安提醒：警惕假借“税收抽查”名义实施诈骗
2025-07-20 00:10:39,239 - spider.piyao_ld_spider - INFO - 获取到内容长度: 486
2025-07-20 00:10:41,244 - spider.piyao_ld_spider - INFO - 正在爬取第 12/20 篇文章: 上海清算所郑重声明
2025-07-20 00:10:41,244 - spider.piyao_ld_spider - INFO - 正在请求页面: https://www.piyao.org.cn/20250716/e3e4d992e4294d9588a3c45972d7673b/c.html
2025-07-20 00:10:42,082 - spider.piyao_ld_spider - INFO - 页面请求成功: https://www.piyao.org.cn/20250716/e3e4d992e4294d9588a3c45972d7673b/c.html, 状态码: 200
2025-07-20 00:10:42,088 - spider.piyao_ld_spider - INFO - 获取到标题: 上海清算所郑重声明
2025-07-20 00:10:42,089 - spider.piyao_ld_spider - INFO - 获取到内容长度: 5
2025-07-20 00:10:44,094 - spider.piyao_ld_spider - INFO - 正在爬取第 13/20 篇文章: 北京有水龙头流绿水？真相是......
2025-07-20 00:10:44,094 - spider.piyao_ld_spider - INFO - 正在请求页面: https://www.piyao.org.cn/20250716/3db7a852e92d4208b6ec1f3ce13ddb64/c.html
2025-07-20 00:10:45,083 - spider.piyao_ld_spider - INFO - 页面请求成功: https://www.piyao.org.cn/20250716/3db7a852e92d4208b6ec1f3ce13ddb64/c.html, 状态码: 200
2025-07-20 00:10:45,089 - spider.piyao_ld_spider - INFO - 获取到标题: 北京有水龙头流绿水？实为“洁厕宝水”倒灌
2025-07-20 00:10:45,090 - spider.piyao_ld_spider - INFO - 获取到内容长度: 289
2025-07-20 00:10:47,096 - spider.piyao_ld_spider - INFO - 正在爬取第 14/20 篇文章: 夏季减重，出汗越多瘦得越快？
2025-07-20 00:10:47,096 - spider.piyao_ld_spider - INFO - 正在请求页面: https://www.piyao.org.cn/20250715/10d4465e017b4df191f2977cb0252f09/c.html
2025-07-20 00:10:47,817 - spider.piyao_ld_spider - INFO - 页面请求成功: https://www.piyao.org.cn/20250715/10d4465e017b4df191f2977cb0252f09/c.html, 状态码: 200
2025-07-20 00:10:47,823 - spider.piyao_ld_spider - INFO - 获取到标题: 夏季减重，出汗越多瘦得越快？
2025-07-20 00:10:47,824 - spider.piyao_ld_spider - INFO - 获取到内容长度: 4
2025-07-20 00:10:49,827 - spider.piyao_ld_spider - INFO - 正在爬取第 15/20 篇文章: 湖南吉首一网民发布虚假谣言被约谈
2025-07-20 00:10:49,828 - spider.piyao_ld_spider - INFO - 正在请求页面: https://www.piyao.org.cn/20250715/4bbd7ec1858c4973bbca823e9fc41bde/c.html
2025-07-20 00:10:50,782 - spider.piyao_ld_spider - INFO - 页面请求成功: https://www.piyao.org.cn/20250715/4bbd7ec1858c4973bbca823e9fc41bde/c.html, 状态码: 200
2025-07-20 00:10:50,788 - spider.piyao_ld_spider - INFO - 获取到标题: 湖南吉首一网民发布虚假谣言被约谈
2025-07-20 00:10:50,789 - spider.piyao_ld_spider - INFO - 获取到内容长度: 1042
2025-07-20 00:10:52,793 - spider.piyao_ld_spider - INFO - 正在爬取第 16/20 篇文章: 辟谣！网传“河南叶县一醉汉持椅殴打男童”为不实信息！
2025-07-20 00:10:52,794 - spider.piyao_ld_spider - INFO - 正在请求页面: https://www.piyao.org.cn/20250715/21cf3690941b4d0fa0c9b69f98fa2e44/c.html
2025-07-20 00:10:53,605 - spider.piyao_ld_spider - INFO - 页面请求成功: https://www.piyao.org.cn/20250715/21cf3690941b4d0fa0c9b69f98fa2e44/c.html, 状态码: 200
2025-07-20 00:10:53,612 - spider.piyao_ld_spider - INFO - 获取到标题: 辟谣！网传“河南叶县一醉汉持椅殴打男童”为不实信息！
2025-07-20 00:10:53,613 - spider.piyao_ld_spider - INFO - 获取到内容长度: 811
2025-07-20 00:10:55,617 - spider.piyao_ld_spider - INFO - 正在爬取第 17/20 篇文章: 网传太阳能板释放有害电磁辐射？谣言！
2025-07-20 00:10:55,618 - spider.piyao_ld_spider - INFO - 正在请求页面: https://www.piyao.org.cn/20250711/bd023518677844abb2d477f29e0a2eaf/c.html
2025-07-20 00:10:56,810 - spider.piyao_ld_spider - INFO - 页面请求成功: https://www.piyao.org.cn/20250711/bd023518677844abb2d477f29e0a2eaf/c.html, 状态码: 200
2025-07-20 00:10:56,817 - spider.piyao_ld_spider - INFO - 获取到标题: 网传太阳能板释放有害电磁辐射？谣言！
2025-07-20 00:10:56,818 - spider.piyao_ld_spider - INFO - 获取到内容长度: 2221
2025-07-20 00:10:58,822 - spider.piyao_ld_spider - INFO - 正在爬取第 18/20 篇文章: 上门服务激活医保码？四川医保局：假的！
2025-07-20 00:10:58,822 - spider.piyao_ld_spider - INFO - 正在请求页面: https://www.piyao.org.cn/20250711/8eceaca4a2b74d608661d92611060df9/c.html
2025-07-20 00:10:59,571 - spider.piyao_ld_spider - INFO - 页面请求成功: https://www.piyao.org.cn/20250711/8eceaca4a2b74d608661d92611060df9/c.html, 状态码: 200
2025-07-20 00:10:59,577 - spider.piyao_ld_spider - INFO - 获取到标题: 上门服务激活医保码？四川医保局：假的！
2025-07-20 00:10:59,577 - spider.piyao_ld_spider - INFO - 获取到内容长度: 86
2025-07-20 00:11:01,581 - spider.piyao_ld_spider - INFO - 正在爬取第 19/20 篇文章: 河南平顶山市教育体育局：这些信息都是假的！
2025-07-20 00:11:01,582 - spider.piyao_ld_spider - INFO - 正在请求页面: https://www.piyao.org.cn/20250711/5d2e664cb89b40d6b9ee8844d9b94550/c.html
2025-07-20 00:11:02,519 - spider.piyao_ld_spider - INFO - 页面请求成功: https://www.piyao.org.cn/20250711/5d2e664cb89b40d6b9ee8844d9b94550/c.html, 状态码: 200
2025-07-20 00:11:02,526 - spider.piyao_ld_spider - INFO - 获取到标题: 河南平顶山市教育体育局：这些信息都是假的！
2025-07-20 00:11:02,526 - spider.piyao_ld_spider - INFO - 获取到内容长度: 808
2025-07-20 00:11:04,530 - spider.piyao_ld_spider - INFO - 正在爬取第 20/20 篇文章: 网传河南沁阳“八一水库淹死人了”系不实信息！
2025-07-20 00:11:04,530 - spider.piyao_ld_spider - INFO - 正在请求页面: https://www.piyao.org.cn/20250711/c2557ac66cf24bd7bb0defb172a597ce/c.html
2025-07-20 00:11:05,862 - spider.piyao_ld_spider - INFO - 页面请求成功: https://www.piyao.org.cn/20250711/c2557ac66cf24bd7bb0defb172a597ce/c.html, 状态码: 200
2025-07-20 00:11:05,867 - spider.piyao_ld_spider - INFO - 获取到标题: 辟谣！网传河南沁阳“八一水库淹死人了”系不实信息！
2025-07-20 00:11:05,868 - spider.piyao_ld_spider - INFO - 获取到内容长度: 361
2025-07-20 00:11:07,873 - spider.piyao_ld_spider - INFO - 结果已保存到 piyao_ld_results.json
2025-07-20 00:11:07,874 - spider.piyao_ld_spider - INFO - 摘要已保存到 piyao_ld_summary.json
2025-07-20 00:11:07,874 - root - INFO - 成功爬取 20 篇文章
