========================================
开始执行时间: 2025年 07月 14日 星期一 23:25:07 CST
========================================
开始执行爬虫...
2025-07-14 23:25:07,624 - INFO - 登录成功
2025-07-14 23:25:07,624 - INFO - 开始搜索关键词: 谣言
2025-07-14 23:25:07,624 - INFO - 正在爬取第 1 页
2025-07-14 23:25:08,361 - ERROR - 搜索请求失败: 404 Client Error: Not Found for url: https://search.sina.com.cn/api/search?q=%E8%B0%A3%E8%A8%80&page=1&type=news&size=20&sort=time
2025-07-14 23:25:08,362 - ERROR - 第 1 页请求失败，停止爬取
2025-07-14 23:25:08,362 - INFO - 爬取完成，共保存 0 条新闻
爬虫执行成功
开始执行消息推送...
2025-07-14 23:25:11,464 - INFO - 开始执行辟谣消息推送 (目标: 订阅用户)
2025-07-14 23:25:11,507 - INFO - API响应状态码: 200
2025-07-14 23:25:11,514 - INFO - 找到10篇最近24小时内的辟谣文章
2025-07-14 23:25:11,514 - INFO - 本次计划推送 10 条辟谣文章
2025-07-14 23:25:11,525 - INFO - 成功获取到 9 个用户
2025-07-14 23:25:11,536 - INFO - 成功向用户9推送辟谣文章《严重光污染致四川雅安红嘴鸥数量减少？真相是……》
2025-07-14 23:25:11,546 - INFO - 成功向用户8推送辟谣文章《严重光污染致四川雅安红嘴鸥数量减少？真相是……》
2025-07-14 23:25:11,557 - INFO - 成功向用户7推送辟谣文章《严重光污染致四川雅安红嘴鸥数量减少？真相是……》
2025-07-14 23:25:11,568 - INFO - 成功向用户6推送辟谣文章《严重光污染致四川雅安红嘴鸥数量减少？真相是……》
2025-07-14 23:25:11,577 - INFO - 成功向用户5推送辟谣文章《严重光污染致四川雅安红嘴鸥数量减少？真相是……》
2025-07-14 23:25:11,587 - INFO - 成功向用户4推送辟谣文章《严重光污染致四川雅安红嘴鸥数量减少？真相是……》
2025-07-14 23:25:11,596 - INFO - 成功向用户3推送辟谣文章《严重光污染致四川雅安红嘴鸥数量减少？真相是……》
2025-07-14 23:25:11,606 - INFO - 成功向用户2推送辟谣文章《严重光污染致四川雅安红嘴鸥数量减少？真相是……》
2025-07-14 23:25:11,615 - INFO - 成功向用户1推送辟谣文章《严重光污染致四川雅安红嘴鸥数量减少？真相是……》
2025-07-14 23:25:11,624 - INFO - 成功向用户9推送辟谣文章《山东烟台龙口一仓库发生1人昏迷、14人呼吸困难事件？假的！》
2025-07-14 23:25:11,635 - INFO - 成功向用户8推送辟谣文章《山东烟台龙口一仓库发生1人昏迷、14人呼吸困难事件？假的！》
2025-07-14 23:25:11,645 - INFO - 成功向用户7推送辟谣文章《山东烟台龙口一仓库发生1人昏迷、14人呼吸困难事件？假的！》
2025-07-14 23:25:11,655 - INFO - 成功向用户6推送辟谣文章《山东烟台龙口一仓库发生1人昏迷、14人呼吸困难事件？假的！》
2025-07-14 23:25:11,664 - INFO - 成功向用户5推送辟谣文章《山东烟台龙口一仓库发生1人昏迷、14人呼吸困难事件？假的！》
2025-07-14 23:25:11,674 - INFO - 成功向用户4推送辟谣文章《山东烟台龙口一仓库发生1人昏迷、14人呼吸困难事件？假的！》
2025-07-14 23:25:11,683 - INFO - 成功向用户3推送辟谣文章《山东烟台龙口一仓库发生1人昏迷、14人呼吸困难事件？假的！》
2025-07-14 23:25:11,692 - INFO - 成功向用户2推送辟谣文章《山东烟台龙口一仓库发生1人昏迷、14人呼吸困难事件？假的！》
2025-07-14 23:25:11,702 - INFO - 成功向用户1推送辟谣文章《山东烟台龙口一仓库发生1人昏迷、14人呼吸困难事件？假的！》
2025-07-14 23:25:11,713 - INFO - 成功向用户9推送辟谣文章《市面上的包装玉米是“僵尸玉米”？这些真相你一定要知道》
2025-07-14 23:25:11,723 - INFO - 成功向用户8推送辟谣文章《市面上的包装玉米是“僵尸玉米”？这些真相你一定要知道》
2025-07-14 23:25:11,737 - INFO - 成功向用户7推送辟谣文章《市面上的包装玉米是“僵尸玉米”？这些真相你一定要知道》
2025-07-14 23:25:11,749 - INFO - 成功向用户6推送辟谣文章《市面上的包装玉米是“僵尸玉米”？这些真相你一定要知道》
2025-07-14 23:25:11,759 - INFO - 成功向用户5推送辟谣文章《市面上的包装玉米是“僵尸玉米”？这些真相你一定要知道》
2025-07-14 23:25:11,768 - INFO - 成功向用户4推送辟谣文章《市面上的包装玉米是“僵尸玉米”？这些真相你一定要知道》
2025-07-14 23:25:11,778 - INFO - 成功向用户3推送辟谣文章《市面上的包装玉米是“僵尸玉米”？这些真相你一定要知道》
2025-07-14 23:25:11,788 - INFO - 成功向用户2推送辟谣文章《市面上的包装玉米是“僵尸玉米”？这些真相你一定要知道》
2025-07-14 23:25:11,797 - INFO - 成功向用户1推送辟谣文章《市面上的包装玉米是“僵尸玉米”？这些真相你一定要知道》
2025-07-14 23:25:11,806 - INFO - 成功向用户9推送辟谣文章《云南省芒市发生5.8级地震？勿信这些谣言！》
2025-07-14 23:25:11,816 - INFO - 成功向用户8推送辟谣文章《云南省芒市发生5.8级地震？勿信这些谣言！》
2025-07-14 23:25:11,825 - INFO - 成功向用户7推送辟谣文章《云南省芒市发生5.8级地震？勿信这些谣言！》
2025-07-14 23:25:11,836 - INFO - 成功向用户6推送辟谣文章《云南省芒市发生5.8级地震？勿信这些谣言！》
2025-07-14 23:25:11,847 - INFO - 成功向用户5推送辟谣文章《云南省芒市发生5.8级地震？勿信这些谣言！》
2025-07-14 23:25:11,857 - INFO - 成功向用户4推送辟谣文章《云南省芒市发生5.8级地震？勿信这些谣言！》
2025-07-14 23:25:11,866 - INFO - 成功向用户3推送辟谣文章《云南省芒市发生5.8级地震？勿信这些谣言！》
2025-07-14 23:25:11,877 - INFO - 成功向用户2推送辟谣文章《云南省芒市发生5.8级地震？勿信这些谣言！》
2025-07-14 23:25:11,890 - INFO - 成功向用户1推送辟谣文章《云南省芒市发生5.8级地震？勿信这些谣言！》
2025-07-14 23:25:11,903 - INFO - 成功向用户9推送辟谣文章《缅甸救援需筹集1万元资金？多个群聊中出现！紧急提醒》
2025-07-14 23:25:11,916 - INFO - 成功向用户8推送辟谣文章《缅甸救援需筹集1万元资金？多个群聊中出现！紧急提醒》
2025-07-14 23:25:11,927 - INFO - 成功向用户7推送辟谣文章《缅甸救援需筹集1万元资金？多个群聊中出现！紧急提醒》
2025-07-14 23:25:11,939 - INFO - 成功向用户6推送辟谣文章《缅甸救援需筹集1万元资金？多个群聊中出现！紧急提醒》
2025-07-14 23:25:11,949 - INFO - 成功向用户5推送辟谣文章《缅甸救援需筹集1万元资金？多个群聊中出现！紧急提醒》
2025-07-14 23:25:11,960 - INFO - 成功向用户4推送辟谣文章《缅甸救援需筹集1万元资金？多个群聊中出现！紧急提醒》
2025-07-14 23:25:11,970 - INFO - 成功向用户3推送辟谣文章《缅甸救援需筹集1万元资金？多个群聊中出现！紧急提醒》
2025-07-14 23:25:11,984 - INFO - 成功向用户2推送辟谣文章《缅甸救援需筹集1万元资金？多个群聊中出现！紧急提醒》
2025-07-14 23:25:11,995 - INFO - 成功向用户1推送辟谣文章《缅甸救援需筹集1万元资金？多个群聊中出现！紧急提醒》
2025-07-14 23:25:12,006 - INFO - 成功向用户9推送辟谣文章《南宁燃气价格上涨？借AI造谣，罚！》
2025-07-14 23:25:12,016 - INFO - 成功向用户8推送辟谣文章《南宁燃气价格上涨？借AI造谣，罚！》
2025-07-14 23:25:12,027 - INFO - 成功向用户7推送辟谣文章《南宁燃气价格上涨？借AI造谣，罚！》
2025-07-14 23:25:12,036 - INFO - 成功向用户6推送辟谣文章《南宁燃气价格上涨？借AI造谣，罚！》
2025-07-14 23:25:12,047 - INFO - 成功向用户5推送辟谣文章《南宁燃气价格上涨？借AI造谣，罚！》
2025-07-14 23:25:12,058 - INFO - 成功向用户4推送辟谣文章《南宁燃气价格上涨？借AI造谣，罚！》
2025-07-14 23:25:12,068 - INFO - 成功向用户3推送辟谣文章《南宁燃气价格上涨？借AI造谣，罚！》
2025-07-14 23:25:12,081 - INFO - 成功向用户2推送辟谣文章《南宁燃气价格上涨？借AI造谣，罚！》
2025-07-14 23:25:12,091 - INFO - 成功向用户1推送辟谣文章《南宁燃气价格上涨？借AI造谣，罚！》
2025-07-14 23:25:12,100 - INFO - 成功向用户9推送辟谣文章《3月30日四川雅安4.6级地震？谣言》
2025-07-14 23:25:12,111 - INFO - 成功向用户8推送辟谣文章《3月30日四川雅安4.6级地震？谣言》
2025-07-14 23:25:12,122 - INFO - 成功向用户7推送辟谣文章《3月30日四川雅安4.6级地震？谣言》
2025-07-14 23:25:12,135 - INFO - 成功向用户6推送辟谣文章《3月30日四川雅安4.6级地震？谣言》
2025-07-14 23:25:12,146 - INFO - 成功向用户5推送辟谣文章《3月30日四川雅安4.6级地震？谣言》
2025-07-14 23:25:12,157 - INFO - 成功向用户4推送辟谣文章《3月30日四川雅安4.6级地震？谣言》
2025-07-14 23:25:12,167 - INFO - 成功向用户3推送辟谣文章《3月30日四川雅安4.6级地震？谣言》
2025-07-14 23:25:12,177 - INFO - 成功向用户2推送辟谣文章《3月30日四川雅安4.6级地震？谣言》
2025-07-14 23:25:12,189 - INFO - 成功向用户1推送辟谣文章《3月30日四川雅安4.6级地震？谣言》
2025-07-14 23:25:12,199 - INFO - 成功向用户9推送辟谣文章《上海一患者重症肺炎被AI误诊成普通感冒险丧命？回应来了》
2025-07-14 23:25:12,209 - INFO - 成功向用户8推送辟谣文章《上海一患者重症肺炎被AI误诊成普通感冒险丧命？回应来了》
2025-07-14 23:25:12,220 - INFO - 成功向用户7推送辟谣文章《上海一患者重症肺炎被AI误诊成普通感冒险丧命？回应来了》
2025-07-14 23:25:12,230 - INFO - 成功向用户6推送辟谣文章《上海一患者重症肺炎被AI误诊成普通感冒险丧命？回应来了》
2025-07-14 23:25:12,241 - INFO - 成功向用户5推送辟谣文章《上海一患者重症肺炎被AI误诊成普通感冒险丧命？回应来了》
2025-07-14 23:25:12,250 - INFO - 成功向用户4推送辟谣文章《上海一患者重症肺炎被AI误诊成普通感冒险丧命？回应来了》
2025-07-14 23:25:12,260 - INFO - 成功向用户3推送辟谣文章《上海一患者重症肺炎被AI误诊成普通感冒险丧命？回应来了》
2025-07-14 23:25:12,269 - INFO - 成功向用户2推送辟谣文章《上海一患者重症肺炎被AI误诊成普通感冒险丧命？回应来了》
2025-07-14 23:25:12,279 - INFO - 成功向用户1推送辟谣文章《上海一患者重症肺炎被AI误诊成普通感冒险丧命？回应来了》
2025-07-14 23:25:12,288 - INFO - 成功向用户9推送辟谣文章《“重庆一工业园区着火10人遇难上百人失联”？回应来了》
2025-07-14 23:25:12,298 - INFO - 成功向用户8推送辟谣文章《“重庆一工业园区着火10人遇难上百人失联”？回应来了》
2025-07-14 23:25:12,308 - INFO - 成功向用户7推送辟谣文章《“重庆一工业园区着火10人遇难上百人失联”？回应来了》
2025-07-14 23:25:12,317 - INFO - 成功向用户6推送辟谣文章《“重庆一工业园区着火10人遇难上百人失联”？回应来了》
2025-07-14 23:25:12,327 - INFO - 成功向用户5推送辟谣文章《“重庆一工业园区着火10人遇难上百人失联”？回应来了》
2025-07-14 23:25:12,336 - INFO - 成功向用户4推送辟谣文章《“重庆一工业园区着火10人遇难上百人失联”？回应来了》
2025-07-14 23:25:12,347 - INFO - 成功向用户3推送辟谣文章《“重庆一工业园区着火10人遇难上百人失联”？回应来了》
2025-07-14 23:25:12,357 - INFO - 成功向用户2推送辟谣文章《“重庆一工业园区着火10人遇难上百人失联”？回应来了》
2025-07-14 23:25:12,368 - INFO - 成功向用户1推送辟谣文章《“重庆一工业园区着火10人遇难上百人失联”？回应来了》
2025-07-14 23:25:12,378 - INFO - 成功向用户9推送辟谣文章《网传重庆“酉阳高铁已通车”？官方回应》
2025-07-14 23:25:12,388 - INFO - 成功向用户8推送辟谣文章《网传重庆“酉阳高铁已通车”？官方回应》
2025-07-14 23:25:12,397 - INFO - 成功向用户7推送辟谣文章《网传重庆“酉阳高铁已通车”？官方回应》
2025-07-14 23:25:12,407 - INFO - 成功向用户6推送辟谣文章《网传重庆“酉阳高铁已通车”？官方回应》
2025-07-14 23:25:12,416 - INFO - 成功向用户5推送辟谣文章《网传重庆“酉阳高铁已通车”？官方回应》
2025-07-14 23:25:12,426 - INFO - 成功向用户4推送辟谣文章《网传重庆“酉阳高铁已通车”？官方回应》
2025-07-14 23:25:12,435 - INFO - 成功向用户3推送辟谣文章《网传重庆“酉阳高铁已通车”？官方回应》
2025-07-14 23:25:12,444 - INFO - 成功向用户2推送辟谣文章《网传重庆“酉阳高铁已通车”？官方回应》
2025-07-14 23:25:12,454 - INFO - 成功向用户1推送辟谣文章《网传重庆“酉阳高铁已通车”？官方回应》
2025-07-14 23:25:12,454 - INFO - 辟谣消息推送完成，成功推送 90 条消息
消息推送执行成功
执行结束时间: 2025年 07月 14日 星期一 23:25:12 CST
========================================

